<?xml version="1.0" encoding="UTF-8"?>
<!-- Generated by org.testng.reporters.JUnitReportReporter -->
<testsuite skipped="0" hostname="Avanis-MacBook-Pro.local" name="com.acti.base.DriverScript" tests="1" failures="0" timestamp="30 Jul 2020 01:06:53 GMT" time="19.331" errors="0">
  <testcase name="initBrowser" time="19.331" classname="com.acti.base.DriverScript"/>
</testsuite> <!-- com.acti.base.DriverScript -->
