<?xml version="1.0" encoding="UTF-8"?>
<!-- Generated by org.testng.reporters.JUnitReportReporter -->
<testsuite skipped="0" hostname="Avanis-MacBook-Pro.local" name="com.acti.base.DriverScript" tests="1" failures="0" timestamp="01 Aug 2020 04:23:12 GMT" time="5.997" errors="0">
  <testcase name="initBrowser" time="5.997" classname="com.acti.base.DriverScript"/>
</testsuite> <!-- com.acti.base.DriverScript -->
