<?xml version="1.0" encoding="UTF-8"?>
<!-- Generated by org.testng.reporters.JUnitReportReporter -->
<testsuite skipped="0" hostname="Avanis-MacBook-Pro.local" name="com.acti.testcase.TestLoginPage" tests="3" failures="0" timestamp="03 Aug 2020 23:30:39 GMT" time="16.135" errors="0">
  <testcase name="verifyLoginPage" time="5.552" classname="com.acti.testcase.TestLoginPage"/>
  <testcase name="verifyActiLogo" time="3.850" classname="com.acti.testcase.TestLoginPage"/>
  <testcase name="validateLoginFunctionality" time="6.733" classname="com.acti.testcase.TestLoginPage"/>
</testsuite> <!-- com.acti.testcase.TestLoginPage -->
